[debug] [2020-12-17T04:20:45.648Z] ----------------------------------------------------------------------
[debug] [2020-12-17T04:20:45.650Z] Command:       C:\Program Files\nodejs\node.exe C:\Users\vistr\AppData\Roaming\npm\node_modules\firebase-tools\lib\bin\firebase.js init
[debug] [2020-12-17T04:20:45.650Z] CLI Version:   8.16.2
[debug] [2020-12-17T04:20:45.650Z] Platform:      win32
[debug] [2020-12-17T04:20:45.650Z] Node Version:  v12.13.0
[debug] [2020-12-17T04:20:45.651Z] Time:          Thu Dec 17 2020 09:50:45 GMT+0530 (India Standard Time)
[debug] [2020-12-17T04:20:45.651Z] ----------------------------------------------------------------------
[debug] [2020-12-17T04:20:45.651Z] 
[debug] [2020-12-17T04:20:45.653Z] >>> [apiv2][query] GET https://firebase-public.firebaseio.com/cli.json [none]
[debug] [2020-12-17T04:20:45.780Z] > command requires scopes: ["email","openid","https://www.googleapis.com/auth/cloudplatformprojects.readonly","https://www.googleapis.com/auth/firebase","https://www.googleapis.com/auth/cloud-platform"]
[debug] [2020-12-17T04:20:45.780Z] > authorizing via signed-in user
[info] 
     ######## #### ########  ######## ########     ###     ######  ########
     ##        ##  ##     ## ##       ##     ##  ##   ##  ##       ##
     ######    ##  ########  ######   ########  #########  ######  ######
     ##        ##  ##    ##  ##       ##     ## ##     ##       ## ##
     ##       #### ##     ## ######## ########  ##     ##  ######  ########

You're about to initialize a Firebase project in this directory:

  C:\Users\vistr\Desktop\Tinder Clone\tinder

[debug] [2020-12-17T04:20:46.738Z] <<< [apiv2][status] GET https://firebase-public.firebaseio.com/cli.json 200
[debug] [2020-12-17T04:20:46.738Z] <<< [apiv2][body] GET https://firebase-public.firebaseio.com/cli.json {"cloudBuildErrorAfter":1594252800000,"cloudBuildWarnAfter":1590019200000,"defaultNode10After":1594252800000,"minVersion":"3.0.5","node8DeploysDisabledAfter":1613390400000,"node8RuntimeDisabledAfter":1615809600000,"node8WarnAfter":1600128000000}
